e:\university\year 3\gp2\gp2-coursework\gp2-coursework\gp2-coursework\debug\vc143.pdb
e:\university\year 3\gp2\gp2-coursework\gp2-coursework\gp2-coursework\debug\vc143.idb
e:\university\year 3\gp2\gp2-coursework\gp2-coursework\gp2-coursework\debug\texture.obj
e:\university\year 3\gp2\gp2-coursework\gp2-coursework\gp2-coursework\debug\shader.obj
e:\university\year 3\gp2\gp2-coursework\gp2-coursework\gp2-coursework\debug\obj_loader.obj
e:\university\year 3\gp2\gp2-coursework\gp2-coursework\gp2-coursework\debug\mesh.obj
e:\university\year 3\gp2\gp2-coursework\gp2-coursework\gp2-coursework\debug\main.obj
e:\university\year 3\gp2\gp2-coursework\gp2-coursework\gp2-coursework\debug\display.obj
e:\university\year 3\gp2\gp2-coursework\gp2-coursework\gp2-coursework\debug\audio.obj
e:\university\year 3\gp2\gp2-coursework\gp2-coursework\gp2-coursework\debug\maingame.obj
e:\university\year 3\gp2\gp2-coursework\gp2-coursework\gp2-coursework\debug\stb_image.obj
e:\university\year 3\gp2\gp2-coursework\gp2-coursework\debug\gp2-coursework.exe
e:\university\year 3\gp2\gp2-coursework\gp2-coursework\gp2-coursework\debug\gp2-coursework.ilk
e:\university\year 3\gp2\gp2-coursework\gp2-coursework\debug\gp2-coursework.pdb
e:\university\year 3\gp2\gp2-coursework\gp2-coursework\gp2-coursework\debug\gp2-coursework.tlog\cl.command.1.tlog
e:\university\year 3\gp2\gp2-coursework\gp2-coursework\gp2-coursework\debug\gp2-coursework.tlog\cl.read.1.tlog
e:\university\year 3\gp2\gp2-coursework\gp2-coursework\gp2-coursework\debug\gp2-coursework.tlog\cl.write.1.tlog
e:\university\year 3\gp2\gp2-coursework\gp2-coursework\gp2-coursework\debug\gp2-coursework.tlog\link.command.1.tlog
e:\university\year 3\gp2\gp2-coursework\gp2-coursework\gp2-coursework\debug\gp2-coursework.tlog\link.read.1.tlog
e:\university\year 3\gp2\gp2-coursework\gp2-coursework\gp2-coursework\debug\gp2-coursework.tlog\link.write.1.tlog
